source=fetched_sources/kattis_19903326_fetched.cpp
input_bytes=130837
output=worker_outputs/tab7_ax6_20260706/ax6_impostor.cpp
output_bytes=124203
sha256=9f18dcfe54ee20c08129c013671d2353cfca8d2661cbd4f7f81bca5231f01819
compile_command=/opt/homebrew/bin/g++-15 -std=c++17 -O2 -pipe -static -s worker_outputs/tab7_ax6_20260706/ax6_impostor.cpp -o worker_outputs/tab7_ax6_20260706/ax6_impostor.check
Traceback (most recent call last):
  File "/Users/TranAnh/Desktop/Competitive_programming/IMC_Challenge_2026_remote/worker_patches/tab7_ax6_20260706/gen_ax6_impostor.py", line 255, in <module>
    main()
    ~~~~^^
  File "/Users/TranAnh/Desktop/Competitive_programming/IMC_Challenge_2026_remote/worker_patches/tab7_ax6_20260706/gen_ax6_impostor.py", line 248, in main
    r=subprocess.run(cmd,stdout=subprocess.PIPE,stderr=subprocess.PIPE,text=True)
  File "/Library/Frameworks/Python.framework/Versions/3.14/lib/python3.14/subprocess.py", line 554, in run
    with Popen(*popenargs, **kwargs) as process:
         ~~~~~^^^^^^^^^^^^^^^^^^^^^^
  File "/Library/Frameworks/Python.framework/Versions/3.14/lib/python3.14/subprocess.py", line 1038, in __init__
    self._execute_child(args, executable, preexec_fn, close_fds,
    ~~~~~~~~~~~~~~~~~~~^^^^^^^^^^^^^^^^^^^^^^^^^^^^^^^^^^^^^^^^^
                        pass_fds, cwd, env,
                        ^^^^^^^^^^^^^^^^^^^
    ...<5 lines>...
                        gid, gids, uid, umask,
                        ^^^^^^^^^^^^^^^^^^^^^^
                        start_new_session, process_group)
                        ^^^^^^^^^^^^^^^^^^^^^^^^^^^^^^^^^
  File "/Library/Frameworks/Python.framework/Versions/3.14/lib/python3.14/subprocess.py", line 1989, in _execute_child
    raise child_exception_type(errno_num, err_msg, err_filename)
FileNotFoundError: [Errno 2] No such file or directory: '/opt/homebrew/bin/g++-15'
