worker_outputs/round2_best_20260706/pcl2_postfinal.cpp:38:77109: warning: unqualified call to 'std::move' [-Wunqualified-std-cast-call]
worker_outputs/round2_best_20260706/pcl2_postfinal.cpp:38:79226: warning: unqualified call to 'std::move' [-Wunqualified-std-cast-call]
worker_outputs/round2_best_20260706/pcl2_postfinal.cpp:38:79379: warning: unqualified call to 'std::move' [-Wunqualified-std-cast-call]
3 warnings generated.
ld: warning: -s is obsolete
ld: library 'crt0.o' not found
clang++: error: linker command failed with exit code 1 (use -v to see invocation)
Traceback (most recent call last):
  File "/Users/TranAnh/Desktop/Competitive_programming/IMC_Challenge_2026_remote/worker_patches/tab6_round2_20260706/generator.py", line 529, in <module>
    main()
    ~~~~^^
  File "/Users/TranAnh/Desktop/Competitive_programming/IMC_Challenge_2026_remote/worker_patches/tab6_round2_20260706/generator.py", line 517, in main
    cmd = compile_gate(outp, exe)
  File "/Users/TranAnh/Desktop/Competitive_programming/IMC_Challenge_2026_remote/worker_patches/tab6_round2_20260706/generator.py", line 454, in compile_gate
    subprocess.run(cmd, check=True, timeout=120)
    ~~~~~~~~~~~~~~^^^^^^^^^^^^^^^^^^^^^^^^^^^^^^
  File "/Library/Frameworks/Python.framework/Versions/3.14/lib/python3.14/subprocess.py", line 577, in run
    raise CalledProcessError(retcode, process.args,
                             output=stdout, stderr=stderr)
subprocess.CalledProcessError: Command '['/usr/bin/g++', '-std=c++17', '-O2', '-pipe', '-static', '-s', 'worker_outputs/round2_best_20260706/pcl2_postfinal.cpp', '-o', 'worker_outputs/round2_best_20260706/pcl2_postfinal']' returned non-zero exit status 1.
